0 info it worked if it ends with ok
1 verbose cli [ '/usr/bin/nodejs',
1 verbose cli   '/usr/bin/npm',
1 verbose cli   'install',
1 verbose cli   'express',
1 verbose cli   '--save' ]
2 info using npm@1.3.10
3 info using node@v0.10.25
4 verbose readDependencies using package.json deps
5 verbose cache add [ 'express', null ]
6 verbose cache add name=undefined spec="express" args=["express",null]
7 verbose parsed url { protocol: null,
7 verbose parsed url   slashes: null,
7 verbose parsed url   auth: null,
7 verbose parsed url   host: null,
7 verbose parsed url   port: null,
7 verbose parsed url   hostname: null,
7 verbose parsed url   hash: null,
7 verbose parsed url   search: null,
7 verbose parsed url   query: null,
7 verbose parsed url   pathname: 'express',
7 verbose parsed url   path: 'express',
7 verbose parsed url   href: 'express' }
8 silly lockFile f3c62de4-express express
9 verbose lock express /home/julius/.npm/f3c62de4-express.lock
10 silly lockFile f3c62de4-express express
11 silly lockFile f3c62de4-express express
12 verbose addNamed [ 'express', '' ]
13 verbose addNamed [ null, '*' ]
14 silly lockFile 64a534c1-express express@
15 verbose lock express@ /home/julius/.npm/64a534c1-express.lock
16 silly addNameRange { name: 'express', range: '*', hasData: false }
17 verbose url raw express
18 verbose url resolving [ 'https://registry.npmjs.org/', './express' ]
19 verbose url resolved https://registry.npmjs.org/express
20 info trying registry request attempt 1 at 11:06:59
21 http GET https://registry.npmjs.org/express
22 http 200 https://registry.npmjs.org/express
23 silly registry.get cb [ 200,
23 silly registry.get   { date: 'Thu, 23 Apr 2015 15:06:59 GMT',
23 silly registry.get     server: 'CouchDB/1.5.0 (Erlang OTP/R16B03)',
23 silly registry.get     etag: '"1D0OJC61TAMCOY716VOK2CS6W"',
23 silly registry.get     'content-type': 'application/json',
23 silly registry.get     'cache-control': 'max-age=60',
23 silly registry.get     'content-length': '492574',
23 silly registry.get     'accept-ranges': 'bytes',
23 silly registry.get     via: '1.1 varnish',
23 silly registry.get     age: '30',
23 silly registry.get     'x-served-by': 'cache-iad2132-IAD',
23 silly registry.get     'x-cache': 'HIT',
23 silly registry.get     'x-cache-hits': '1',
23 silly registry.get     'x-timer': 'S1429801619.989082,VS0,VE2',
23 silly registry.get     vary: 'Accept',
23 silly registry.get     'keep-alive': 'timeout=10, max=50',
23 silly registry.get     connection: 'Keep-Alive' } ]
24 silly addNameRange number 2 { name: 'express', range: '*', hasData: true }
25 silly addNameRange versions [ 'express',
25 silly addNameRange   [ '0.14.0',
25 silly addNameRange     '0.14.1',
25 silly addNameRange     '1.0.0',
25 silly addNameRange     '1.0.1',
25 silly addNameRange     '1.0.2',
25 silly addNameRange     '1.0.3',
25 silly addNameRange     '1.0.4',
25 silly addNameRange     '1.0.5',
25 silly addNameRange     '1.0.6',
25 silly addNameRange     '1.0.7',
25 silly addNameRange     '1.0.8',
25 silly addNameRange     '2.0.0',
25 silly addNameRange     '2.1.0',
25 silly addNameRange     '2.1.1',
25 silly addNameRange     '2.2.0',
25 silly addNameRange     '2.2.1',
25 silly addNameRange     '2.2.2',
25 silly addNameRange     '2.3.0',
25 silly addNameRange     '2.3.1',
25 silly addNameRange     '2.3.2',
25 silly addNameRange     '2.3.3',
25 silly addNameRange     '2.3.4',
25 silly addNameRange     '2.3.5',
25 silly addNameRange     '2.3.6',
25 silly addNameRange     '2.3.7',
25 silly addNameRange     '2.3.8',
25 silly addNameRange     '2.3.9',
25 silly addNameRange     '2.3.10',
25 silly addNameRange     '2.3.11',
25 silly addNameRange     '2.3.12',
25 silly addNameRange     '2.4.0',
25 silly addNameRange     '2.4.1',
25 silly addNameRange     '2.4.2',
25 silly addNameRange     '2.4.3',
25 silly addNameRange     '2.4.4',
25 silly addNameRange     '2.4.5',
25 silly addNameRange     '2.4.6',
25 silly addNameRange     '2.4.7',
25 silly addNameRange     '2.5.0',
25 silly addNameRange     '2.5.1',
25 silly addNameRange     '2.5.2',
25 silly addNameRange     '2.5.3',
25 silly addNameRange     '2.5.4',
25 silly addNameRange     '2.5.5',
25 silly addNameRange     '2.5.6',
25 silly addNameRange     '2.5.7',
25 silly addNameRange     '2.5.8',
25 silly addNameRange     '2.5.9',
25 silly addNameRange     '2.5.10',
25 silly addNameRange     '2.5.11',
25 silly addNameRange     '3.0.0',
25 silly addNameRange     '3.0.1',
25 silly addNameRange     '3.0.2',
25 silly addNameRange     '3.0.3',
25 silly addNameRange     '3.0.4',
25 silly addNameRange     '3.0.5',
25 silly addNameRange     '3.0.6',
25 silly addNameRange     '3.1.0',
25 silly addNameRange     '3.1.1',
25 silly addNameRange     '3.1.2',
25 silly addNameRange     '3.2.0',
25 silly addNameRange     '3.2.1',
25 silly addNameRange     '3.2.2',
25 silly addNameRange     '3.2.3',
25 silly addNameRange     '3.2.4',
25 silly addNameRange     '3.2.5',
25 silly addNameRange     '3.2.6',
25 silly addNameRange     '3.3.0',
25 silly addNameRange     '3.3.1',
25 silly addNameRange     '3.3.2',
25 silly addNameRange     '3.3.3',
25 silly addNameRange     '3.3.4',
25 silly addNameRange     '3.3.5',
25 silly addNameRange     '3.3.6',
25 silly addNameRange     '1.0.0-beta',
25 silly addNameRange     '1.0.0-beta2',
25 silly addNameRange     '1.0.0-rc',
25 silly addNameRange     '1.0.0-rc2',
25 silly addNameRange     '1.0.0-rc3',
25 silly addNameRange     '1.0.0-rc4',
25 silly addNameRange     '2.0.0-beta',
25 silly addNameRange     '2.0.0-beta2',
25 silly addNameRange     '2.0.0-beta3',
25 silly addNameRange     '2.0.0-rc',
25 silly addNameRange     '2.0.0-rc2',
25 silly addNameRange     '2.0.0-rc3',
25 silly addNameRange     '3.0.0-alpha1',
25 silly addNameRange     '3.0.0-alpha2',
25 silly addNameRange     '3.0.0-alpha3',
25 silly addNameRange     '3.0.0-alpha4',
25 silly addNameRange     '3.0.0-alpha5',
25 silly addNameRange     '3.0.0-beta1',
25 silly addNameRange     '3.0.0-beta2',
25 silly addNameRange     '3.0.0-beta3',
25 silly addNameRange     '3.0.0-beta4',
25 silly addNameRange     '3.0.0-beta6',
25 silly addNameRange     '3.0.0-beta7',
25 silly addNameRange     '3.0.0-rc1',
25 silly addNameRange     '3.0.0-rc2',
25 silly addNameRange     '3.0.0-rc3',
25 silly addNameRange     '3.0.0-rc4',
25 silly addNameRange     '3.0.0-rc5',
25 silly addNameRange     '3.3.7',
25 silly addNameRange     '3.3.8',
25 silly addNameRange     '3.4.0',
25 silly addNameRange     '3.4.1',
25 silly addNameRange     '3.4.2',
25 silly addNameRange     '3.4.3',
25 silly addNameRange     '3.4.4',
25 silly addNameRange     '3.4.5',
25 silly addNameRange     '3.4.6',
25 silly addNameRange     '3.4.7',
25 silly addNameRange     '3.4.8',
25 silly addNameRange     '4.0.0-rc1',
25 silly addNameRange     '4.0.0-rc2',
25 silly addNameRange     '3.5.0',
25 silly addNameRange     '4.0.0-rc3',
25 silly addNameRange     '4.0.0-rc4',
25 silly addNameRange     '3.5.1',
25 silly addNameRange     '4.0.0',
25 silly addNameRange     '3.5.2',
25 silly addNameRange     '4.1.0',
25 silly addNameRange     '4.1.1',
25 silly addNameRange     '3.5.3',
25 silly addNameRange     '4.1.2',
25 silly addNameRange     '3.6.0',
25 silly addNameRange     '4.2.0',
25 silly addNameRange     '3.7.0',
25 silly addNameRange     '3.8.0',
25 silly addNameRange     '4.3.0',
25 silly addNameRange     '4.3.1',
25 silly addNameRange     '3.8.1',
25 silly addNameRange     '4.3.2',
25 silly addNameRange     '3.9.0',
25 silly addNameRange     '4.4.0',
25 silly addNameRange     '4.4.1',
25 silly addNameRange     '3.10.0',
25 silly addNameRange     '3.10.1',
25 silly addNameRange     '3.10.2',
25 silly addNameRange     '3.10.3',
25 silly addNameRange     '3.10.4',
25 silly addNameRange     '4.4.2',
25 silly addNameRange     '3.10.5',
25 silly addNameRange     '4.4.3',
25 silly addNameRange     '3.11.0',
25 silly addNameRange     '4.4.4',
25 silly addNameRange     '3.12.0',
25 silly addNameRange     '3.12.1',
25 silly addNameRange     '4.4.5',
25 silly addNameRange     '3.13.0',
25 silly addNameRange     '4.5.0',
25 silly addNameRange     '4.5.1',
25 silly addNameRange     '3.14.0',
25 silly addNameRange     '4.6.0',
25 silly addNameRange     '4.6.1',
25 silly addNameRange     '3.15.0',
25 silly addNameRange     '4.7.0',
25 silly addNameRange     '3.15.1',
25 silly addNameRange     '4.7.1',
25 silly addNameRange     '3.15.2',
25 silly addNameRange     '4.7.2',
25 silly addNameRange     '4.7.3',
25 silly addNameRange     '3.15.3',
25 silly addNameRange     '4.7.4',
25 silly addNameRange     '3.16.0',
25 silly addNameRange     '4.8.0',
25 silly addNameRange     '3.16.1',
25 silly addNameRange     '4.8.1',
25 silly addNameRange     '3.16.2',
25 silly addNameRange     '4.8.2',
25 silly addNameRange     '3.16.3',
25 silly addNameRange     '3.16.4',
25 silly addNameRange     '4.8.3',
25 silly addNameRange     '3.16.5',
25 silly addNameRange     '3.16.6',
25 silly addNameRange     '4.8.4',
25 silly addNameRange     '3.16.7',
25 silly addNameRange     '4.8.5',
25 silly addNameRange     '3.16.8',
25 silly addNameRange     '4.8.6',
25 silly addNameRange     '3.16.9',
25 silly addNameRange     '4.8.7',
25 silly addNameRange     '3.16.10',
25 silly addNameRange     '4.8.8',
25 silly addNameRange     '3.17.0',
25 silly addNameRange     '3.17.1',
25 silly addNameRange     '4.9.0',
25 silly addNameRange     '3.17.2',
25 silly addNameRange     '4.9.1',
25 silly addNameRange     '4.9.2',
25 silly addNameRange     '3.17.3',
25 silly addNameRange     '4.9.3',
25 silly addNameRange     '3.17.4',
25 silly addNameRange     '4.9.4',
25 silly addNameRange     '3.17.5',
25 silly addNameRange     '4.9.5',
25 silly addNameRange     '3.17.6',
25 silly addNameRange     '3.17.7',
25 silly addNameRange     '4.9.6',
25 silly addNameRange     '4.9.7',
25 silly addNameRange     '3.17.8',
25 silly addNameRange     '4.9.8',
25 silly addNameRange     '3.18.0',
25 silly addNameRange     '3.18.1',
25 silly addNameRange     '4.10.0',
25 silly addNameRange     '3.18.2',
25 silly addNameRange     '4.10.1',
25 silly addNameRange     '5.0.0-alpha.1',
25 silly addNameRange     '3.18.3',
25 silly addNameRange     '4.10.2',
25 silly addNameRange     '3.18.4',
25 silly addNameRange     '4.10.3',
25 silly addNameRange     '4.10.4',
25 silly addNameRange     '4.10.5',
25 silly addNameRange     '3.18.5',
25 silly addNameRange     '3.18.6',
25 silly addNameRange     '4.10.6',
25 silly addNameRange     '4.10.7',
25 silly addNameRange     '3.19.0',
25 silly addNameRange     '4.10.8',
25 silly addNameRange     '4.11.0',
25 silly addNameRange     '3.19.1',
25 silly addNameRange     '4.11.1',
25 silly addNameRange     '3.19.2',
25 silly addNameRange     '4.11.2',
25 silly addNameRange     '3.20.0',
25 silly addNameRange     '4.12.0',
25 silly addNameRange     '3.20.1',
25 silly addNameRange     '4.12.1',
25 silly addNameRange     '4.12.2',
25 silly addNameRange     '3.20.2',
25 silly addNameRange     '4.12.3' ] ]
26 verbose addNamed [ 'express', '4.12.3' ]
27 verbose addNamed [ '4.12.3', '4.12.3' ]
28 silly lockFile 0b3fc563-express-4-12-3 express@4.12.3
29 verbose lock express@4.12.3 /home/julius/.npm/0b3fc563-express-4-12-3.lock
30 silly lockFile c3db49de-s-org-express-express-4-12-3-tgz https://registry.npmjs.org/express/-/express-4.12.3.tgz
31 verbose lock https://registry.npmjs.org/express/-/express-4.12.3.tgz /home/julius/.npm/c3db49de-s-org-express-express-4-12-3-tgz.lock
32 verbose addRemoteTarball [ 'https://registry.npmjs.org/express/-/express-4.12.3.tgz',
32 verbose addRemoteTarball   '6b9d94aec5ae03270d86d390c277a8c5a5ad0ee2' ]
33 silly lockFile c3db49de-s-org-express-express-4-12-3-tgz https://registry.npmjs.org/express/-/express-4.12.3.tgz
34 silly lockFile c3db49de-s-org-express-express-4-12-3-tgz https://registry.npmjs.org/express/-/express-4.12.3.tgz
35 silly lockFile 0b3fc563-express-4-12-3 express@4.12.3
36 silly lockFile 0b3fc563-express-4-12-3 express@4.12.3
37 silly lockFile 64a534c1-express express@
38 silly lockFile 64a534c1-express express@
39 error Error: EACCES, mkdir '/home/julius/tmp/npm-1040-nNJo8uRj'
39 error  { [Error: EACCES, mkdir '/home/julius/tmp/npm-1040-nNJo8uRj']
39 error   errno: 3,
39 error   code: 'EACCES',
39 error   path: '/home/julius/tmp/npm-1040-nNJo8uRj' }
40 error Please try running this command again as root/Administrator.
41 error System Linux 3.13.0-49-generic
42 error command "/usr/bin/nodejs" "/usr/bin/npm" "install" "express" "--save"
43 error cwd /home/julius/Dropbox/projects/poll_with_me
44 error node -v v0.10.25
45 error npm -v 1.3.10
46 error path /home/julius/tmp/npm-1040-nNJo8uRj
47 error code EACCES
48 error errno 3
49 error stack Error: EACCES, mkdir '/home/julius/tmp/npm-1040-nNJo8uRj'
50 verbose exit [ 3, true ]
